<?xml version="1.0" encoding="UTF-8"?>
<testng-results ignored="0" total="4" passed="4" failed="0" skipped="0">
  <reporter-output>
  </reporter-output>
  <suite started-at="2022-10-06T11:06:56 PDT" name="Default suite" finished-at="2022-10-06T11:08:45 PDT" duration-ms="108987">
    <groups>
    </groups>
    <test started-at="2022-10-06T11:06:56 PDT" name="Default test" finished-at="2022-10-06T11:08:45 PDT" duration-ms="108987">
      <class name="com.test.AutomationFramework.AddingItemtocart">
        <test-method is-config="true" signature="initalization()[pri:0, instance:com.test.AutomationFramework.AddingItemtocart@4f2b503c]" started-at="2022-10-06T11:06:56 PDT" name="initalization" finished-at="2022-10-06T11:07:02 PDT" duration-ms="6687" status="PASS">
          <reporter-output>
          </reporter-output>
        </test-method> <!-- initalization -->
        <test-method signature="Hovering()[pri:0, instance:com.test.AutomationFramework.AddingItemtocart@4f2b503c]" started-at="2022-10-06T11:07:02 PDT" name="Hovering" finished-at="2022-10-06T11:07:45 PDT" duration-ms="42986" status="PASS">
          <reporter-output>
          </reporter-output>
        </test-method> <!-- Hovering -->
        <test-method signature="login()[pri:1, instance:com.test.AutomationFramework.AddingItemtocart@4f2b503c]" started-at="2022-10-06T11:07:45 PDT" name="login" finished-at="2022-10-06T11:08:10 PDT" duration-ms="24943" status="PASS">
          <reporter-output>
          </reporter-output>
        </test-method> <!-- login -->
        <test-method signature="confirmOrder()[pri:3, instance:com.test.AutomationFramework.AddingItemtocart@4f2b503c]" started-at="2022-10-06T11:08:10 PDT" name="confirmOrder" finished-at="2022-10-06T11:08:28 PDT" duration-ms="17356" status="PASS">
          <reporter-output>
          </reporter-output>
        </test-method> <!-- confirmOrder -->
        <test-method signature="contactDetails()[pri:4, instance:com.test.AutomationFramework.AddingItemtocart@4f2b503c]" started-at="2022-10-06T11:08:28 PDT" name="contactDetails" finished-at="2022-10-06T11:08:44 PDT" duration-ms="16756" status="PASS">
          <reporter-output>
          </reporter-output>
        </test-method> <!-- contactDetails -->
        <test-method is-config="true" signature="cleanUp()[pri:0, instance:com.test.AutomationFramework.AddingItemtocart@4f2b503c]" started-at="2022-10-06T11:08:44 PDT" name="cleanUp" finished-at="2022-10-06T11:08:45 PDT" duration-ms="191" status="PASS">
          <reporter-output>
          </reporter-output>
        </test-method> <!-- cleanUp -->
      </class> <!-- com.test.AutomationFramework.AddingItemtocart -->
    </test> <!-- Default test -->
  </suite> <!-- Default suite -->
</testng-results>
