<?xml version="1.0" encoding="UTF-8"?>
<testng-results ignored="0" total="4" passed="4" failed="0" skipped="0">
  <reporter-output>
  </reporter-output>
  <suite started-at="2022-10-16T13:00:24 PDT" name="Suite" finished-at="2022-10-16T13:01:51 PDT" duration-ms="86680">
    <groups>
    </groups>
    <test started-at="2022-10-16T13:00:24 PDT" name="Test" finished-at="2022-10-16T13:01:51 PDT" duration-ms="86680">
      <class name="com.test.AutomationFramework.AddingItemtocart">
        <test-method is-config="true" signature="initalization()[pri:0, instance:com.test.AutomationFramework.AddingItemtocart@5562c41e]" started-at="2022-10-16T13:00:24 PDT" name="initalization" finished-at="2022-10-16T13:00:32 PDT" duration-ms="7739" status="PASS">
          <reporter-output>
          </reporter-output>
        </test-method> <!-- initalization -->
        <test-method signature="Hovering()[pri:0, instance:com.test.AutomationFramework.AddingItemtocart@5562c41e]" started-at="2022-10-16T13:00:32 PDT" name="Hovering" finished-at="2022-10-16T13:01:09 PDT" duration-ms="37425" status="PASS">
          <reporter-output>
          </reporter-output>
        </test-method> <!-- Hovering -->
        <test-method signature="login()[pri:1, instance:com.test.AutomationFramework.AddingItemtocart@5562c41e]" started-at="2022-10-16T13:01:09 PDT" name="login" finished-at="2022-10-16T13:01:27 PDT" duration-ms="17159" status="PASS">
          <reporter-output>
          </reporter-output>
        </test-method> <!-- login -->
        <test-method signature="confirmOrder()[pri:3, instance:com.test.AutomationFramework.AddingItemtocart@5562c41e]" started-at="2022-10-16T13:01:27 PDT" name="confirmOrder" finished-at="2022-10-16T13:01:39 PDT" duration-ms="12525" status="PASS">
          <reporter-output>
          </reporter-output>
        </test-method> <!-- confirmOrder -->
        <test-method signature="contactDetails()[pri:4, instance:com.test.AutomationFramework.AddingItemtocart@5562c41e]" started-at="2022-10-16T13:01:39 PDT" name="contactDetails" finished-at="2022-10-16T13:01:51 PDT" duration-ms="11655" status="PASS">
          <reporter-output>
          </reporter-output>
        </test-method> <!-- contactDetails -->
        <test-method is-config="true" signature="cleanUp()[pri:0, instance:com.test.AutomationFramework.AddingItemtocart@5562c41e]" started-at="2022-10-16T13:01:51 PDT" name="cleanUp" finished-at="2022-10-16T13:01:51 PDT" duration-ms="132" status="PASS">
          <reporter-output>
          </reporter-output>
        </test-method> <!-- cleanUp -->
      </class> <!-- com.test.AutomationFramework.AddingItemtocart -->
    </test> <!-- Test -->
  </suite> <!-- Suite -->
</testng-results>
