<?xml version="1.0" encoding="UTF-8"?>
<!-- Generated by org.testng.reporters.JUnitXMLReporter -->
<testsuite ignored="0" hostname="DESKTOP-3RT01RQ" failures="0" tests="4" name="Default test" time="108.987" errors="0" timestamp="2022-10-06T11:08:45 PDT">
  <testcase classname="com.test.AutomationFramework.AddingItemtocart" name="Hovering" time="42.986"/>
  <testcase classname="com.test.AutomationFramework.AddingItemtocart" name="login" time="24.943"/>
  <testcase classname="com.test.AutomationFramework.AddingItemtocart" name="confirmOrder" time="17.356"/>
  <testcase classname="com.test.AutomationFramework.AddingItemtocart" name="contactDetails" time="16.756"/>
</testsuite> <!-- Default test -->
