<?xml version="1.0" encoding="UTF-8"?>
<!-- Generated by org.testng.reporters.JUnitXMLReporter -->
<testsuite ignored="0" hostname="DESKTOP-3RT01RQ" failures="0" tests="4" name="Test" time="86.68" errors="0" timestamp="2022-10-16T13:01:51 PDT">
  <testcase classname="com.test.AutomationFramework.AddingItemtocart" name="Hovering" time="37.425"/>
  <testcase classname="com.test.AutomationFramework.AddingItemtocart" name="login" time="17.159"/>
  <testcase classname="com.test.AutomationFramework.AddingItemtocart" name="confirmOrder" time="12.525"/>
  <testcase classname="com.test.AutomationFramework.AddingItemtocart" name="contactDetails" time="11.655"/>
</testsuite> <!-- Test -->
